2024-09-23 19:57:29-root-DEBUG-This is a debug message
2024-09-23 19:57:29-root-INFO-This is a info message
2024-09-23 19:57:29-root-WARNING-This is a warning message
2024-09-23 19:57:29-root-ERROR-This is a error message
2024-09-23 19:57:29-root-CRITICAL-This is a critical message
2024-09-23 20:48:25,830-app_logger-DEBUG-This is a debug2024-09-23 20:48:25-app_logger-DEBUG-This is a debug message
2024-09-23 20:48:25-app_logger-INFO-This is an info message
2024-09-23 20:48:25-app_logger-WARNING-This is a warning message
2024-09-23 20:48:25-app_logger-ERROR-This is an error message
2024-09-23 20:48:25-app_logger-CRITICAL-This is a critical message
2024-09-23 21:05:07-root-INFO-This is a info message
2024-09-23 21:05:07-root-CRITICAL-This is a critical message
2024-09-23 21:05:08-root-ERROR-This is a error message
2024-09-23 21:05:08-root-DEBUG-This is a debug message
2024-09-23 21:05:08-root-WARNING-This is a warning message
2024-09-23 21:07:41-root-INFO-This is a info message
2024-09-23 21:07:41-root-CRITICAL-This is a critical message
2024-09-23 21:07:41-root-ERROR-This is a error message
2024-09-23 21:07:41-root-DEBUG-This is a debug message
2024-09-23 21:07:41-root-WARNING-This is a warning message
2024-09-24 01:35:21-rotating_logger-DEBUG-This is debug message 0
2024-09-24 01:35:21-rotating_logger-DEBUG-This is debug message 1
2024-09-24 01:35:21-rotating_logger-DEBUG-This is debug message 2
2024-09-24 01:35:21-rotating_logger-DEBUG-This is debug message 3
2024-09-24 01:35:21-rotating_logger-DEBUG-This is debug message 4
2024-09-24 01:35:21-rotating_logger-DEBUG-This is debug message 5
2024-09-24 01:35:21-rotating_logger-DEBUG-This is debug message 6
2024-09-24 01:35:21-rotating_logger-DEBUG-This is debug message 7
2024-09-24 01:35:21-rotating_logger-DEBUG-This is debug message 8
2024-09-24 01:35:21-rotating_logger-DEBUG-This is debug message 9
2024-09-24 01:35:21-rotating_logger-DEBUG-This is debug message 10
2024-09-24 01:35:21-rotating_logger-DEBUG-This is debug message 11
2024-09-24 01:35:21-rotating_logger-DEBUG-This is debug message 12
2024-09-24 01:35:21-rotating_logger-DEBUG-This is debug message 13
2024-09-24 01:35:21-rotating_logger-DEBUG-This is debug message 14
2024-09-24 01:35:21-rotating_logger-DEBUG-This is debug message 15
2024-09-24 01:35:21-rotating_logger-DEBUG-This is debug message 16
2024-09-24 01:35:21-rotating_logger-DEBUG-This is debug message 17
2024-09-24 01:35:21-rotating_logger-DEBUG-This is debug message 18
2024-09-24 01:35:21-rotating_logger-DEBUG-This is debug message 19
2024-09-24 01:35:21-rotating_logger-DEBUG-This is debug message 20
2024-09-24 01:35:21-rotating_logger-DEBUG-This is debug message 21
2024-09-24 01:35:21-rotating_logger-DEBUG-This is debug message 22
2024-09-24 01:35:21-rotating_logger-DEBUG-This is debug message 23
2024-09-24 01:35:21-rotating_logger-DEBUG-This is debug message 24
2024-09-24 01:35:21-rotating_logger-DEBUG-This is debug message 25
2024-09-24 01:35:21-rotating_logger-DEBUG-This is debug message 26
2024-09-24 01:35:21-rotating_logger-DEBUG-This is debug message 27
2024-09-24 01:35:21-rotating_logger-DEBUG-This is debug message 28
2024-09-24 01:35:21-rotating_logger-DEBUG-This is debug message 29
2024-09-24 01:35:21-rotating_logger-DEBUG-This is debug message 30
2024-09-24 01:35:21-rotating_logger-DEBUG-This is debug message 31
2024-09-24 01:35:21-rotating_logger-DEBUG-This is debug message 32
2024-09-24 01:35:21-rotating_logger-DEBUG-This is debug message 33
2024-09-24 01:35:21-rotating_logger-DEBUG-This is debug message 34
2024-09-24 01:35:21-rotating_logger-DEBUG-This is debug message 35
2024-09-24 01:35:21-rotating_logger-DEBUG-This is debug message 36
2024-09-24 01:35:21-rotating_logger-DEBUG-This is debug message 37
2024-09-24 01:35:21-rotating_logger-DEBUG-This is debug message 38
2024-09-24 01:35:21-rotating_logger-DEBUG-This is debug message 39
2024-09-24 01:35:21-rotating_logger-DEBUG-This is debug message 40
2024-09-24 01:35:21-rotating_logger-DEBUG-This is debug message 41
2024-09-24 01:35:21-rotating_logger-DEBUG-This is debug message 42
2024-09-24 01:35:21-rotating_logger-DEBUG-This is debug message 43
2024-09-24 01:35:21-rotating_logger-DEBUG-This is debug message 44
2024-09-24 01:35:21-rotating_logger-DEBUG-This is debug message 45
2024-09-24 01:35:21-rotating_logger-DEBUG-This is debug message 46
2024-09-24 01:35:21-rotating_logger-DEBUG-This is debug message 47
2024-09-24 01:35:21-rotating_logger-DEBUG-This is debug message 48
2024-09-24 01:35:21-rotating_logger-DEBUG-This is debug message 49
2024-09-24 01:35:21-rotating_logger-DEBUG-This is debug message 50
2024-09-24 01:35:21-rotating_logger-DEBUG-This is debug message 51
2024-09-24 01:35:21-rotating_logger-DEBUG-This is debug message 52
2024-09-24 01:35:21-rotating_logger-DEBUG-This is debug message 53
2024-09-24 01:35:21-rotating_logger-DEBUG-This is debug message 54
2024-09-24 01:35:21-rotating_logger-DEBUG-This is debug message 55
2024-09-24 01:35:21-rotating_logger-DEBUG-This is debug message 56
2024-09-24 01:35:21-rotating_logger-DEBUG-This is debug message 57
2024-09-24 01:35:21-rotating_logger-DEBUG-This is debug message 58
2024-09-24 01:35:21-rotating_logger-DEBUG-This is debug message 59
2024-09-24 01:35:21-rotating_logger-DEBUG-This is debug message 60
2024-09-24 01:35:21-rotating_logger-DEBUG-This is debug message 61
2024-09-24 01:35:21-rotating_logger-DEBUG-This is debug message 62
2024-09-24 01:35:21-rotating_logger-DEBUG-This is debug message 63
2024-09-24 01:35:21-rotating_logger-DEBUG-This is debug message 64
2024-09-24 01:35:21-rotating_logger-DEBUG-This is debug message 65
2024-09-24 01:35:21-rotating_logger-DEBUG-This is debug message 66
2024-09-24 01:35:21-rotating_logger-DEBUG-This is debug message 67
2024-09-24 01:35:21-rotating_logger-DEBUG-This is debug message 68
2024-09-24 01:35:21-rotating_logger-DEBUG-This is debug message 69
2024-09-24 01:35:21-rotating_logger-DEBUG-This is debug message 70
2024-09-24 01:35:21-rotating_logger-DEBUG-This is debug message 71
2024-09-24 01:35:21-rotating_logger-DEBUG-This is debug message 72
2024-09-24 01:35:21-rotating_logger-DEBUG-This is debug message 73
2024-09-24 01:35:21-rotating_logger-DEBUG-This is debug message 74
2024-09-24 01:35:21-rotating_logger-DEBUG-This is debug message 75
2024-09-24 01:35:21-rotating_logger-DEBUG-This is debug message 76
2024-09-24 01:35:21-rotating_logger-DEBUG-This is debug message 77
2024-09-24 01:35:21-rotating_logger-DEBUG-This is debug message 78
2024-09-24 01:35:21-rotating_logger-DEBUG-This is debug message 79
2024-09-24 01:35:21-rotating_logger-DEBUG-This is debug message 80
2024-09-24 01:35:21-rotating_logger-DEBUG-This is debug message 81
2024-09-24 01:35:21-rotating_logger-DEBUG-This is debug message 82
2024-09-24 01:35:21-rotating_logger-DEBUG-This is debug message 83
2024-09-24 01:35:21-rotating_logger-DEBUG-This is debug message 84
2024-09-24 01:35:21-rotating_logger-DEBUG-This is debug message 85
2024-09-24 01:35:21-rotating_logger-DEBUG-This is debug message 86
2024-09-24 01:35:21-rotating_logger-DEBUG-This is debug message 87
2024-09-24 01:35:21-rotating_logger-DEBUG-This is debug message 88
2024-09-24 01:35:21-rotating_logger-DEBUG-This is debug message 89
2024-09-24 01:35:21-rotating_logger-DEBUG-This is debug message 90
2024-09-24 01:35:21-rotating_logger-DEBUG-This is debug message 91
2024-09-24 01:35:21-rotating_logger-DEBUG-This is debug message 92
2024-09-24 01:35:21-rotating_logger-DEBUG-This is debug message 93
2024-09-24 01:35:21-rotating_logger-DEBUG-This is debug message 94
2024-09-24 01:35:21-rotating_logger-DEBUG-This is debug message 95
2024-09-24 01:35:21-rotating_logger-DEBUG-This is debug message 96
2024-09-24 01:35:21-rotating_logger-DEBUG-This is debug message 97
2024-09-24 01:35:21-rotating_logger-DEBUG-This is debug message 98
2024-09-24 01:35:21-rotating_logger-DEBUG-This is debug message 99
2024-09-24 01:43:30-Exception_logger-ERROR-An exception occured
Traceback (most recent call last):
  File "C:\Users\Abhi\AppData\Local\Temp\ipykernel_9536\1778092332.py", line 12, in exception_trace
    1/0
    ~^~
ZeroDivisionError: division by zero
